<?xml version="1.0" encoding="UTF-8"?>
<testsuite xmlns:xsi="http://www.w3.org/2001/XMLSchema-instance" xsi:noNamespaceSchemaLocation="https://maven.apache.org/surefire/maven-surefire-plugin/xsd/surefire-test-report.xsd" name="pl.estrix.shopsync.controller.WebControllerTest" time="1.381" tests="1" errors="1" skipped="0" failures="0">
  <properties>
[...]
</properties>
  <testcase name="pl.estrix.shopsync.controller.WebControllerTest" classname="org.apache.maven.surefire.junit4.JUnit4Provider" time="1.381">
    <error message="Configuration error: found multiple declarations of @BootstrapWith for test class [pl.estrix.shopsync.controller.WebControllerTest]: [@org.springframework.test.context.BootstrapWith(value=class org.springframework.boot.test.context.SpringBootTestContextBootstrapper), @org.springframework.test.context.BootstrapWith(value=class org.springframework.boot.test.autoconfigure.web.servlet.WebMvcTestContextBootstrapper)]" type="java.lang.IllegalStateException">java.lang.IllegalStateException: Configuration error: found multiple declarations of @BootstrapWith for test class [pl.estrix.shopsync.controller.WebControllerTest]: [@org.springframework.test.context.BootstrapWith(value=class org.springframework.boot.test.context.SpringBootTestContextBootstrapper), @org.springframework.test.context.BootstrapWith(value=class org.springframework.boot.test.autoconfigure.web.servlet.WebMvcTestContextBootstrapper)]
	at org.apache.maven.surefire.junit4.JUnit4Provider.execute(JUnit4Provider.java:363)
	at org.apache.maven.surefire.junit4.JUnit4Provider.executeWithRerun(JUnit4Provider.java:273)
	at org.apache.maven.surefire.junit4.JUnit4Provider.executeTestSet(JUnit4Provider.java:238)
	at org.apache.maven.surefire.junit4.JUnit4Provider.invoke(JUnit4Provider.java:159)
</error>
    <system-out><![CDATA[[2022-01-09 22:17:09.644][main][DEBUG][o.s.t.annotation.ProfileValueUtils] -> Retrieved @ProfileValueSourceConfiguration [null] for test class [pl.estrix.shopsync.controller.WebControllerTest]
[2022-01-09 22:17:09.659][main][DEBUG][o.s.t.annotation.ProfileValueUtils] -> Retrieved ProfileValueSource type [class org.springframework.test.annotation.SystemProfileValueSource] for class [pl.estrix.shopsync.controller.WebControllerTest]
[2022-01-09 22:17:09.660][main][DEBUG][o.s.t.annotation.ProfileValueUtils] -> Retrieved @ProfileValueSourceConfiguration [null] for test class [pl.estrix.shopsync.controller.WebControllerTest]
[2022-01-09 22:17:09.662][main][DEBUG][o.s.t.annotation.ProfileValueUtils] -> Retrieved ProfileValueSource type [class org.springframework.test.annotation.SystemProfileValueSource] for class [pl.estrix.shopsync.controller.WebControllerTest]
[2022-01-09 22:17:09.705][main][DEBUG][o.s.test.context.BootstrapUtils] -> Instantiating CacheAwareContextLoaderDelegate from class [org.springframework.test.context.cache.DefaultCacheAwareContextLoaderDelegate]
[2022-01-09 22:17:09.724][main][DEBUG][o.s.test.context.BootstrapUtils] -> Instantiating BootstrapContext using constructor [public org.springframework.test.context.support.DefaultBootstrapContext(java.lang.Class,org.springframework.test.context.CacheAwareContextLoaderDelegate)]
]]></system-out>
  </testcase>
</testsuite>